[24-Jan-2026 09:33:41 UTC] Upload Params: user_id=undefined, division_id=4, lobby_id=, section=DRM Instructions, title=test pdf
[24-Jan-2026 09:33:54 UTC] Upload Params: user_id=undefined, division_id=4, lobby_id=, section=DRM Instructions, title=test pdf
[24-Jan-2026 18:42:23 UTC] Upload Params: user_id=undefined, division_id=4, lobby_id=, section=Sr DEE, title=test gnn
[24-Jan-2026 18:43:07 UTC] Upload Params: user_id=undefined, division_id=4, lobby_id=, section=Sr DEE, title=test gnn
[24-Jan-2026 18:43:08 UTC] Upload Params: user_id=undefined, division_id=4, lobby_id=, section=Sr DEE, title=test gnn
[24-Jan-2026 18:43:10 UTC] Upload Params: user_id=undefined, division_id=4, lobby_id=, section=Sr DEE, title=test gnn
[24-Jan-2026 18:43:17 UTC] Upload Params: user_id=undefined, division_id=4, lobby_id=, section=Sr DEE, title=test
[24-Jan-2026 18:45:00 UTC] Database columns updated to LONGTEXT
[24-Jan-2026 18:45:00 UTC] Content Upload: user_id=, division_id=4, section=Sr DEE, type=html
[24-Jan-2026 18:48:17 UTC] Upload Params: user_id=SUPER001, division_id=4, lobby_id=, section=Sr DEE, title=test
[24-Jan-2026 18:49:13 UTC] Upload Params: user_id=SUPER001, division_id=4, lobby_id=HMH - Hanumangarh Jn., section=Lobby Letter & Notice, title=test
[24-Jan-2026 18:50:36 UTC] Upload Params: user_id=SUPER001, division_id=, lobby_id=, section=PCEE Message, title=test
[24-Jan-2026 18:50:59 UTC] Upload Params: user_id=SUPER001, division_id=4, lobby_id=HMH - Hanumangarh Jn., section=Lobby Letter & Notice, title=test
[24-Jan-2026 18:51:57 UTC] Upload Params: user_id=SUPER001, division_id=4, lobby_id=HMH - Hanumangarh Jn., section=Lobby Letter & Notice, title=test
[24-Jan-2026 18:52:17 UTC] Upload Params: user_id=SUPER001, division_id=, lobby_id=, section=PCEE Message, title=est
[24-Jan-2026 18:52:50 UTC] Upload Params: user_id=SUPER001, division_id=4, lobby_id=, section=Sr DEE, title=test
[24-Jan-2026 18:54:49 UTC] Database columns updated to LONGTEXT
[24-Jan-2026 18:54:49 UTC] Content Upload: user_id=SUPER001, division_id=4, section=Sr DME, type=html
[24-Jan-2026 18:54:49 UTC] Content Upload - file_type: html, content_length: 6011
[24-Jan-2026 18:55:58 UTC] Database columns updated to LONGTEXT
[24-Jan-2026 18:55:58 UTC] Content Upload: user_id=SUPER001, division_id=4, section=Chalak Patra, type=html
[24-Jan-2026 18:55:58 UTC] Content Upload - file_type: html, content_length: 25072
[24-Jan-2026 19:54:14 UTC] Database columns updated to LONGTEXT
[24-Jan-2026 19:54:14 UTC] Content Upload: user_id=SUPER001, division_id=4, section=Chalak Patra, type=html
[24-Jan-2026 19:54:14 UTC] Content Upload - file_type: html, content_length: 25071
[24-Jan-2026 19:57:39 UTC] Upload Params: user_id=SUPER001, division_id=4, lobby_id=, section=Sr DME, title=test
[24-Jan-2026 20:07:12 UTC] Upload Params: user_id=SUPER001, division_id=4, lobby_id=, section=Sr DEE, title=PCEE
[28-Jan-2026 09:43:44 UTC] Upload Params: user_id=SUPER001, division_id=, lobby_id=, section=Electric Loco, title=test
[28-Jan-2026 13:54:46 UTC] Upload Params: user_id=SUPER001, division_id=, lobby_id=, section=Electric Loco, title=test2
